c:\users\abuechner\source\repos\socrates\socrates\socrates.dir\release\clang-driver.obj
c:\users\abuechner\source\repos\socrates\socrates\socrates.dir\release\driver.obj
c:\users\abuechner\source\repos\socrates\socrates\socrates.dir\release\cc1_main.obj
c:\users\abuechner\source\repos\socrates\socrates\socrates.dir\release\cc1as_main.obj
c:\users\abuechner\source\repos\socrates\socrates\socrates.dir\release\cc1gen_reproducer_main.obj
c:\users\abuechner\source\repos\socrates\socrates\socrates.dir\release\source.obj
c:\users\abuechner\source\repos\socrates\socrates\socrates.dir\release\validate.obj
c:\users\abuechner\source\repos\socrates\socrates\socrates.dir\release\utils.obj
c:\users\abuechner\source\repos\socrates\socrates\socrates.dir\release\reflectiondata.obj
c:\users\abuechner\source\repos\socrates\socrates\socrates.dir\release\codegen.obj
c:\users\abuechner\source\repos\socrates\build\release\bin\socrates.dll
c:\users\abuechner\source\repos\socrates\build\release\bin\socrates.exe
c:\users\abuechner\source\repos\socrates\socrates\socrates.dir\release\windows_version_resource.res
c:\users\abuechner\source\repos\socrates\socrates\socrates.dir\release\reflection.obj
c:\users\abuechner\source\repos\socrates\socrates\socrates.dir\release\socrates.tlog\cl.command.1.tlog
c:\users\abuechner\source\repos\socrates\socrates\socrates.dir\release\socrates.tlog\cl.read.1.tlog
c:\users\abuechner\source\repos\socrates\socrates\socrates.dir\release\socrates.tlog\cl.write.1.tlog
c:\users\abuechner\source\repos\socrates\socrates\socrates.dir\release\socrates.tlog\link.command.1.tlog
c:\users\abuechner\source\repos\socrates\socrates\socrates.dir\release\socrates.tlog\link.read.1.tlog
c:\users\abuechner\source\repos\socrates\socrates\socrates.dir\release\socrates.tlog\link.write.1.tlog
c:\users\abuechner\source\repos\socrates\socrates\socrates.dir\release\socrates.tlog\rc.command.1.tlog
c:\users\abuechner\source\repos\socrates\socrates\socrates.dir\release\socrates.tlog\rc.read.1.tlog
c:\users\abuechner\source\repos\socrates\socrates\socrates.dir\release\socrates.tlog\rc.write.1.tlog
